_______________________________________________________________________________

								 FILE CONVERSION EB 
_______________________________________________________________________________

Started converting:
 2020, 01.Sep - 18h:24min

Following files found:
 ['EB_AT_70_18', 'EB_Bgl_88_18', 'EB_Ktn_88_18', 'EB_Noe_88_18', 'EB_Ooe_88_18', 'EB_Sbg_88_18', 'EB_Stk_88_18', 'EB_Tir_88_18', 'EB_Vor_88_18', 'EB_Wie_88_18', 'midx_rows_eb', 'midx_rows_res', '~$EB_Bgd_88_18']

///////////////////////////////////////////////////////////////////////////////

						 Province: Tir - File: EB_Tir_88_18

///////////////////////////////////////////////////////////////////////////////
|||||||||||||||||||||||||||||||||||||||||||||||||||||||||||||||||||||||||||||||	
Execution time of check_sheetname_errors: 0 min 0.0 sec
|||||||||||||||||||||||||||||||||||||||||||||||||||||||||||||||||||||||||||||||
|||||||||||||||||||||||||||||||||||||||||||||||||||||||||||||||||||||||||||||||	
Execution time of check_column_errors: 0 min 0.0 sec
|||||||||||||||||||||||||||||||||||||||||||||||||||||||||||||||||||||||||||||||
|||||||||||||||||||||||||||||||||||||||||||||||||||||||||||||||||||||||||||||||	
Execution time of fetch_from_xlsx: 0 min 23.0 sec
|||||||||||||||||||||||||||||||||||||||||||||||||||||||||||||||||||||||||||||||
_______________________________________________________________________________
1-Kokskohle
_______________________________________________________________________________

	No sectors consumption values
	No sector energy consumption values

	********************************* WARNING *********************************
	Different index in data:
	['aus Brabf']
	[[40, 70, 101, 125, 150, 174]]
	Data index in template:
	['aus Brennbare Abfälle']
	***************************************************************************
_______________________________________________________________________________
2-Anthrazit
_______________________________________________________________________________

	Sectors consumptions starts @ xlsx row nr.: 405
	No sector energy consumption values

	********************************* WARNING *********************************
	Different index in data:
	['aus Brabf']
	[[40, 70, 101, 125, 150, 174]]
	Data index in template:
	['aus Brennbare Abfälle']
	***************************************************************************
_______________________________________________________________________________
3-Steinkohlen-Briketts
_______________________________________________________________________________

	Sectors consumptions starts @ xlsx row nr.: 405
	No sector energy consumption values

	********************************* WARNING *********************************
	Different index in data:
	['aus Brabf']
	[[40, 70, 101, 125, 150, 174]]
	Data index in template:
	['aus Brennbare Abfälle']
	***************************************************************************
_______________________________________________________________________________
4-Sonstige Steinkohle
_______________________________________________________________________________

	Sectors consumptions starts @ xlsx row nr.: 405
	Sector energy consumption starts @ xlsx row nr.: 465

	********************************* WARNING *********************************
	Different index in data:
	['aus Brabf']
	[[40, 70, 101, 125, 150, 174]]
	Data index in template:
	['aus Brennbare Abfälle']
	***************************************************************************
_______________________________________________________________________________
5-Steinkohle
_______________________________________________________________________________

	Sectors consumptions starts @ xlsx row nr.: 405
	Sector energy consumption starts @ xlsx row nr.: 465

	********************************* WARNING *********************************
	Different index in data:
	['aus Brabf']
	[[40, 70, 101, 125, 150, 174]]
	Data index in template:
	['aus Brennbare Abfälle']
	***************************************************************************
_______________________________________________________________________________
6-Subbituminöse Kohle
_______________________________________________________________________________

	Sectors consumptions starts @ xlsx row nr.: 405
	No sector energy consumption values

	********************************* WARNING *********************************
	Different index in data:
	['aus Brabf']
	[[40, 70, 101, 125, 150, 174]]
	Data index in template:
	['aus Brennbare Abfälle']
	***************************************************************************
_______________________________________________________________________________
7-Sonstige Braunkohle
_______________________________________________________________________________

	Sectors consumptions starts @ xlsx row nr.: 405
	Sector energy consumption starts @ xlsx row nr.: 465

	********************************* WARNING *********************************
	Different index in data:
	['aus Brabf']
	[[40, 70, 101, 125, 150, 174]]
	Data index in template:
	['aus Brennbare Abfälle']
	***************************************************************************
_______________________________________________________________________________
8-Braunkohle
_______________________________________________________________________________

	Sectors consumptions starts @ xlsx row nr.: 405
	Sector energy consumption starts @ xlsx row nr.: 465

	********************************* WARNING *********************************
	Different index in data:
	['aus Brabf']
	[[40, 70, 101, 125, 150, 174]]
	Data index in template:
	['aus Brennbare Abfälle']
	***************************************************************************
_______________________________________________________________________________
9-Braunkohlen-Briketts
_______________________________________________________________________________

	Sectors consumptions starts @ xlsx row nr.: 405
	Sector energy consumption starts @ xlsx row nr.: 465

	********************************* WARNING *********************************
	Different index in data:
	['aus Brabf']
	[[40, 70, 101, 125, 150, 174]]
	Data index in template:
	['aus Brennbare Abfälle']
	***************************************************************************
_______________________________________________________________________________
10-Brenntorf
_______________________________________________________________________________

	No sectors consumption values
	No sector energy consumption values

	********************************* WARNING *********************************
	Different index in data:
	['aus Brabf']
	[[40, 70, 101, 125, 150, 174]]
	Data index in template:
	['aus Brennbare Abfälle']
	***************************************************************************
_______________________________________________________________________________
11-Koks
_______________________________________________________________________________

	Sectors consumptions starts @ xlsx row nr.: 405
	Sector energy consumption starts @ xlsx row nr.: 465

	********************************* WARNING *********************************
	Different index in data:
	['aus Brabf']
	[[40, 70, 101, 125, 150, 174]]
	Data index in template:
	['aus Brennbare Abfälle']
	***************************************************************************
_______________________________________________________________________________
12-Rohöl
_______________________________________________________________________________

	No sectors consumption values
	No sector energy consumption values

	********************************* WARNING *********************************
	Different index in data:
	['aus Brabf']
	[[40, 70, 101, 125, 150, 174]]
	Data index in template:
	['aus Brennbare Abfälle']
	***************************************************************************
_______________________________________________________________________________
13-NGL
_______________________________________________________________________________

	No sectors consumption values
	No sector energy consumption values

	********************************* WARNING *********************************
	Different index in data:
	['aus Brabf']
	[[40, 70, 101, 125, 150, 174]]
	Data index in template:
	['aus Brennbare Abfälle']
	***************************************************************************
_______________________________________________________________________________
14-Erdöl
_______________________________________________________________________________

	No sectors consumption values
	No sector energy consumption values

	********************************* WARNING *********************************
	Different index in data:
	['aus Brabf']
	[[40, 70, 101, 125, 150, 174]]
	Data index in template:
	['aus Brennbare Abfälle']
	***************************************************************************
_______________________________________________________________________________
15-Steinkohleteer
_______________________________________________________________________________

	No sectors consumption values
	No sector energy consumption values

	********************************* WARNING *********************************
	Different index in data:
	['aus Brabf']
	[[40, 70, 101, 125, 150, 174]]
	Data index in template:
	['aus Brennbare Abfälle']
	***************************************************************************
_______________________________________________________________________________
16-Benzol
_______________________________________________________________________________

	No sectors consumption values
	No sector energy consumption values

	********************************* WARNING *********************************
	Different index in data:
	['aus Brabf']
	[[40, 70, 101, 125, 150, 174]]
	Data index in template:
	['aus Brennbare Abfälle']
	***************************************************************************
_______________________________________________________________________________
17-Feedstocks
_______________________________________________________________________________

	No sectors consumption values
	No sector energy consumption values

	********************************* WARNING *********************************
	Different index in data:
	['aus Brabf']
	[[40, 70, 101, 125, 150, 174]]
	Data index in template:
	['aus Brennbare Abfälle']
	***************************************************************************
_______________________________________________________________________________
18-Sonstiger Raffinerieeinsatz
_______________________________________________________________________________

	No sectors consumption values
	No sector energy consumption values

	********************************* WARNING *********************************
	Different index in data:
	['aus Brabf']
	[[40, 70, 101, 125, 150, 174]]
	Data index in template:
	['aus Brennbare Abfälle']
	***************************************************************************
_______________________________________________________________________________
19-Motorbenzin
_______________________________________________________________________________

	Sectors consumptions starts @ xlsx row nr.: 405
	No sector energy consumption values

	********************************* WARNING *********************************
	Different index in data:
	['aus Brabf']
	[[40, 70, 101, 125, 150, 174]]
	Data index in template:
	['aus Brennbare Abfälle']
	***************************************************************************
_______________________________________________________________________________
20-Industriebenzin
_______________________________________________________________________________

	Sectors consumptions starts @ xlsx row nr.: 405
	No sector energy consumption values

	********************************* WARNING *********************************
	Different index in data:
	['aus Brabf']
	[[40, 70, 101, 125, 150, 174]]
	Data index in template:
	['aus Brennbare Abfälle']
	***************************************************************************
_______________________________________________________________________________
21-Flugbenzin
_______________________________________________________________________________

	Sectors consumptions starts @ xlsx row nr.: 405
	No sector energy consumption values

	********************************* WARNING *********************************
	Different index in data:
	['aus Brabf']
	[[40, 70, 101, 125, 150, 174]]
	Data index in template:
	['aus Brennbare Abfälle']
	***************************************************************************
_______________________________________________________________________________
22-Benzin
_______________________________________________________________________________

	Sectors consumptions starts @ xlsx row nr.: 405
	No sector energy consumption values

	********************************* WARNING *********************************
	Different index in data:
	['aus Brabf']
	[[40, 70, 101, 125, 150, 174]]
	Data index in template:
	['aus Brennbare Abfälle']
	***************************************************************************
_______________________________________________________________________________
23-Flugturbinenkraftstoff
_______________________________________________________________________________

	Sectors consumptions starts @ xlsx row nr.: 405
	No sector energy consumption values

	********************************* WARNING *********************************
	Different index in data:
	['aus Brabf']
	[[40, 70, 101, 125, 150, 174]]
	Data index in template:
	['aus Brennbare Abfälle']
	***************************************************************************
_______________________________________________________________________________
24-Sonstiges Petroleum
_______________________________________________________________________________

	Sectors consumptions starts @ xlsx row nr.: 405
	No sector energy consumption values

	********************************* WARNING *********************************
	Different index in data:
	['aus Brabf']
	[[40, 70, 101, 125, 150, 174]]
	Data index in template:
	['aus Brennbare Abfälle']
	***************************************************************************
_______________________________________________________________________________
25-Petroleum
_______________________________________________________________________________

	Sectors consumptions starts @ xlsx row nr.: 405
	No sector energy consumption values

	********************************* WARNING *********************************
	Different index in data:
	['aus Brabf']
	[[40, 70, 101, 125, 150, 174]]
	Data index in template:
	['aus Brennbare Abfälle']
	***************************************************************************
_______________________________________________________________________________
26-Diesel
_______________________________________________________________________________

	Sectors consumptions starts @ xlsx row nr.: 405
	No sector energy consumption values

	********************************* WARNING *********************************
	Different index in data:
	['aus Brabf']
	[[40, 70, 101, 125, 150, 174]]
	Data index in template:
	['aus Brennbare Abfälle']
	***************************************************************************
_______________________________________________________________________________
27-Gasöl für Heizzwecke
_______________________________________________________________________________

	Sectors consumptions starts @ xlsx row nr.: 405
	Sector energy consumption starts @ xlsx row nr.: 465
	* Missing last index 'Gesamt'

	********************************* WARNING *********************************
	Different index in data:
	['aus Brabf']
	[[40, 70, 101, 125, 150, 174]]
	Data index in template:
	['aus Brennbare Abfälle']
	***************************************************************************
_______________________________________________________________________________
28-Heizöl<1%S
_______________________________________________________________________________

	Sectors consumptions starts @ xlsx row nr.: 405
	Sector energy consumption starts @ xlsx row nr.: 465
	* Missing last index 'Gesamt'

	********************************* WARNING *********************************
	Different index in data:
	['aus Brabf']
	[[40, 70, 101, 125, 150, 174]]
	Data index in template:
	['aus Brennbare Abfälle']
	***************************************************************************
_______________________________________________________________________________
29-Heizöl>1%S
_______________________________________________________________________________

	No sectors consumption values
	No sector energy consumption values

	********************************* WARNING *********************************
	Different index in data:
	['aus Brabf']
	[[40, 70, 101, 125, 150, 174]]
	Data index in template:
	['aus Brennbare Abfälle']
	***************************************************************************
_______________________________________________________________________________
30-Heizöl
_______________________________________________________________________________

	Sectors consumptions starts @ xlsx row nr.: 405
	Sector energy consumption starts @ xlsx row nr.: 465
	* Missing last index 'Gesamt'

	********************************* WARNING *********************************
	Different index in data:
	['aus Brabf']
	[[40, 70, 101, 125, 150, 174]]
	Data index in template:
	['aus Brennbare Abfälle']
	***************************************************************************
_______________________________________________________________________________
31-Flüssiggas
_______________________________________________________________________________

	Sectors consumptions starts @ xlsx row nr.: 405
	Sector energy consumption starts @ xlsx row nr.: 465
	* Missing last index 'Gesamt'

	********************************* WARNING *********************************
	Different index in data:
	['aus Brabf']
	[[40, 70, 101, 125, 150, 174]]
	Data index in template:
	['aus Brennbare Abfälle']
	***************************************************************************
_______________________________________________________________________________
32-Naphta
_______________________________________________________________________________

	No sectors consumption values
	No sector energy consumption values

	********************************* WARNING *********************************
	Different index in data:
	['aus Brabf']
	[[40, 70, 101, 125, 150, 174]]
	Data index in template:
	['aus Brennbare Abfälle']
	***************************************************************************
_______________________________________________________________________________
33-Bitumen
_______________________________________________________________________________

	No sectors consumption values
	No sector energy consumption values

	********************************* WARNING *********************************
	Different index in data:
	['aus Brabf']
	[[40, 70, 101, 125, 150, 174]]
	Data index in template:
	['aus Brennbare Abfälle']
	***************************************************************************
_______________________________________________________________________________
34-Schmiermittel
_______________________________________________________________________________

	No sectors consumption values
	No sector energy consumption values

	********************************* WARNING *********************************
	Different index in data:
	['aus Brabf']
	[[40, 70, 101, 125, 150, 174]]
	Data index in template:
	['aus Brennbare Abfälle']
	***************************************************************************
_______________________________________________________________________________
35-Petrolkoks
_______________________________________________________________________________

	Sectors consumptions starts @ xlsx row nr.: 405
	No sector energy consumption values

	********************************* WARNING *********************************
	Different index in data:
	['aus Brabf']
	[[40, 70, 101, 125, 150, 174]]
	Data index in template:
	['aus Brennbare Abfälle']
	***************************************************************************
_______________________________________________________________________________
36-Sonstige
_______________________________________________________________________________

	No sectors consumption values
	No sector energy consumption values

	********************************* WARNING *********************************
	Different index in data:
	['aus Brabf']
	[[40, 70, 101, 125, 150, 174]]
	Data index in template:
	['aus Brennbare Abfälle']
	***************************************************************************
_______________________________________________________________________________
37-Sonstige Prod. d. Erdölverarb.
_______________________________________________________________________________

	Sectors consumptions starts @ xlsx row nr.: 405
	No sector energy consumption values

	********************************* WARNING *********************************
	Different index in data:
	['aus Brabf']
	[[40, 70, 101, 125, 150, 174]]
	Data index in template:
	['aus Brennbare Abfälle']
	***************************************************************************
_______________________________________________________________________________
38-Raffinerie-Restgas
_______________________________________________________________________________

	No sectors consumption values
	No sector energy consumption values

	********************************* WARNING *********************************
	Different index in data:
	['aus Brabf']
	[[40, 70, 101, 125, 150, 174]]
	Data index in template:
	['aus Brennbare Abfälle']
	***************************************************************************
_______________________________________________________________________________
39-Mischgas
_______________________________________________________________________________

	No sectors consumption values
	No sector energy consumption values

	********************************* WARNING *********************************
	Different index in data:
	['aus Brabf']
	[[40, 70, 101, 125, 150, 174]]
	Data index in template:
	['aus Brennbare Abfälle']
	***************************************************************************
_______________________________________________________________________________
40-Erdgas
_______________________________________________________________________________

	Sectors consumptions starts @ xlsx row nr.: 405
	Sector energy consumption starts @ xlsx row nr.: 465
	* Missing last index 'Gesamt'

	********************************* WARNING *********************************
	Different index in data:
	['aus Brabf']
	[[40, 70, 101, 125, 150, 174]]
	Data index in template:
	['aus Brennbare Abfälle']
	***************************************************************************
_______________________________________________________________________________
41-Tiegelgas
_______________________________________________________________________________

	No sectors consumption values
	No sector energy consumption values

	********************************* WARNING *********************************
	Different index in data:
	['aus Brabf']
	[[40, 70, 101, 125, 150, 174]]
	Data index in template:
	['aus Brennbare Abfälle']
	***************************************************************************
_______________________________________________________________________________
42-Hochofengas
_______________________________________________________________________________

	No sectors consumption values
	No sector energy consumption values

	********************************* WARNING *********************************
	Different index in data:
	['aus Brabf']
	[[40, 70, 101, 125, 150, 174]]
	Data index in template:
	['aus Brennbare Abfälle']
	***************************************************************************
_______________________________________________________________________________
43-Gichtgas
_______________________________________________________________________________

	No sectors consumption values
	No sector energy consumption values

	********************************* WARNING *********************************
	Different index in data:
	['aus Brabf']
	[[40, 70, 101, 125, 150, 174]]
	Data index in template:
	['aus Brennbare Abfälle']
	***************************************************************************
_______________________________________________________________________________
44-Kokereigas
_______________________________________________________________________________

	No sectors consumption values
	No sector energy consumption values

	********************************* WARNING *********************************
	Different index in data:
	['aus Brabf']
	[[40, 70, 101, 125, 150, 174]]
	Data index in template:
	['aus Brennbare Abfälle']
	***************************************************************************
_______________________________________________________________________________
45-Industrieabfall
_______________________________________________________________________________

	Sectors consumptions starts @ xlsx row nr.: 405
	No sector energy consumption values

	********************************* WARNING *********************************
	Different index in data:
	['aus Brabf']
	[[40, 70, 101, 125, 150, 174]]
	Data index in template:
	['aus Brennbare Abfälle']
	***************************************************************************
_______________________________________________________________________________
46-Hausmüll nicht erneuerbar
_______________________________________________________________________________

	No sectors consumption values
	No sector energy consumption values

	********************************* WARNING *********************************
	Different index in data:
	['aus Brabf']
	[[40, 70, 101, 125, 150, 174]]
	Data index in template:
	['aus Brennbare Abfälle']
	***************************************************************************
_______________________________________________________________________________
47-Brennbare Abfälle
_______________________________________________________________________________

	Sectors consumptions starts @ xlsx row nr.: 405
	No sector energy consumption values

	********************************* WARNING *********************************
	Different index in data:
	['aus Brabf']
	[[40, 70, 101, 125, 150, 174]]
	Data index in template:
	['aus Brennbare Abfälle']
	***************************************************************************
_______________________________________________________________________________
48-Scheitholz
_______________________________________________________________________________

	Sectors consumptions starts @ xlsx row nr.: 405
	No sector energy consumption values

	********************************* WARNING *********************************
	Different index in data:
	['aus Brabf']
	[[40, 70, 101, 125, 150, 174]]
	Data index in template:
	['aus Brennbare Abfälle']
	***************************************************************************
_______________________________________________________________________________
49-Hausmüll Bioanteil
_______________________________________________________________________________

	No sectors consumption values
	No sector energy consumption values

	********************************* WARNING *********************************
	Different index in data:
	['aus Brabf']
	[[40, 70, 101, 125, 150, 174]]
	Data index in template:
	['aus Brennbare Abfälle']
	***************************************************************************
_______________________________________________________________________________
50-Pellets+Holzbriketts
_______________________________________________________________________________

	Sectors consumptions starts @ xlsx row nr.: 405
	Sector energy consumption starts @ xlsx row nr.: 465
	* Missing last index 'Gesamt'

	********************************* WARNING *********************************
	Different index in data:
	['aus Brabf']
	[[40, 70, 101, 125, 150, 174]]
	Data index in template:
	['aus Brennbare Abfälle']
	***************************************************************************
_______________________________________________________________________________
51-Holzabfall
_______________________________________________________________________________

	Sectors consumptions starts @ xlsx row nr.: 405
	No sector energy consumption values

	********************************* WARNING *********************************
	Different index in data:
	['aus Brabf']
	[[40, 70, 101, 125, 150, 174]]
	Data index in template:
	['aus Brennbare Abfälle']
	***************************************************************************
_______________________________________________________________________________
52-Holzkohle
_______________________________________________________________________________

	Sectors consumptions starts @ xlsx row nr.: 405
	No sector energy consumption values

	********************************* WARNING *********************************
	Different index in data:
	['aus Brabf']
	[[40, 70, 101, 125, 150, 174]]
	Data index in template:
	['aus Brennbare Abfälle']
	***************************************************************************
_______________________________________________________________________________
53-Ablaugen
_______________________________________________________________________________

	No sectors consumption values
	No sector energy consumption values

	********************************* WARNING *********************************
	Different index in data:
	['aus Brabf']
	[[40, 70, 101, 125, 150, 174]]
	Data index in template:
	['aus Brennbare Abfälle']
	***************************************************************************
_______________________________________________________________________________
54-Deponiegas
_______________________________________________________________________________

	No sectors consumption values
	No sector energy consumption values

	********************************* WARNING *********************************
	Different index in data:
	['aus Brabf']
	[[40, 70, 101, 125, 150, 174]]
	Data index in template:
	['aus Brennbare Abfälle']
	***************************************************************************
_______________________________________________________________________________
55-Klärgas
_______________________________________________________________________________

	Sectors consumptions starts @ xlsx row nr.: 405
	No sector energy consumption values

	********************************* WARNING *********************************
	Different index in data:
	['aus Brabf']
	[[40, 70, 101, 125, 150, 174]]
	Data index in template:
	['aus Brennbare Abfälle']
	***************************************************************************
_______________________________________________________________________________
56-Biogas
_______________________________________________________________________________

	Sectors consumptions starts @ xlsx row nr.: 405
	No sector energy consumption values

	********************************* WARNING *********************************
	Different index in data:
	['aus Brabf']
	[[40, 70, 101, 125, 150, 174]]
	Data index in template:
	['aus Brennbare Abfälle']
	***************************************************************************
_______________________________________________________________________________
57-Bioethanol
_______________________________________________________________________________

	Sectors consumptions starts @ xlsx row nr.: 405
	No sector energy consumption values

	********************************* WARNING *********************************
	Different index in data:
	['aus Brabf']
	[[40, 70, 101, 125, 150, 174]]
	Data index in template:
	['aus Brennbare Abfälle']
	***************************************************************************
_______________________________________________________________________________
58-Biodiesel
_______________________________________________________________________________

	Sectors consumptions starts @ xlsx row nr.: 405
	No sector energy consumption values

	********************************* WARNING *********************************
	Different index in data:
	['aus Brabf']
	[[40, 70, 101, 125, 150, 174]]
	Data index in template:
	['aus Brennbare Abfälle']
	***************************************************************************
_______________________________________________________________________________
59-Sonst. Biogene flüssig
_______________________________________________________________________________

	Sectors consumptions starts @ xlsx row nr.: 405
	No sector energy consumption values

	********************************* WARNING *********************************
	Different index in data:
	['aus Brabf']
	[[40, 70, 101, 125, 150, 174]]
	Data index in template:
	['aus Brennbare Abfälle']
	***************************************************************************
_______________________________________________________________________________
60-Sonst. Biogene fest
_______________________________________________________________________________

	Sectors consumptions starts @ xlsx row nr.: 405
	Sector energy consumption starts @ xlsx row nr.: 465
	* Missing last index 'Gesamt'

	********************************* WARNING *********************************
	Different index in data:
	['aus Brabf']
	[[40, 70, 101, 125, 150, 174]]
	Data index in template:
	['aus Brennbare Abfälle']
	***************************************************************************
_______________________________________________________________________________
61-Biogene Brenn- u. Treibstoffe
_______________________________________________________________________________

	Sectors consumptions starts @ xlsx row nr.: 405
	Sector energy consumption starts @ xlsx row nr.: 465
	* Missing last index 'Gesamt'

	********************************* WARNING *********************************
	Different index in data:
	['aus Brabf']
	[[40, 70, 101, 125, 150, 174]]
	Data index in template:
	['aus Brennbare Abfälle']
	***************************************************************************
_______________________________________________________________________________
62-Geothermie
_______________________________________________________________________________

	Sectors consumptions starts @ xlsx row nr.: 405
	No sector energy consumption values

	********************************* WARNING *********************************
	Different index in data:
	['aus Brabf']
	[[40, 70, 101, 125, 150, 174]]
	Data index in template:
	['aus Brennbare Abfälle']
	***************************************************************************
_______________________________________________________________________________
63-Umgebungswärme
_______________________________________________________________________________

	Sectors consumptions starts @ xlsx row nr.: 405
	No sector energy consumption values

	********************************* WARNING *********************************
	Different index in data:
	['aus Brabf']
	[[40, 70, 101, 125, 150, 174]]
	Data index in template:
	['aus Brennbare Abfälle']
	***************************************************************************
_______________________________________________________________________________
64-Solarwärme
_______________________________________________________________________________

	Sectors consumptions starts @ xlsx row nr.: 405
	No sector energy consumption values

	********************************* WARNING *********************************
	Different index in data:
	['aus Brabf']
	[[40, 70, 101, 125, 150, 174]]
	Data index in template:
	['aus Brennbare Abfälle']
	***************************************************************************
_______________________________________________________________________________
65-Reaktionswärme
_______________________________________________________________________________

	No sectors consumption values
	No sector energy consumption values

	********************************* WARNING *********************************
	Different index in data:
	['aus Brabf']
	[[40, 70, 101, 125, 150, 174]]
	Data index in template:
	['aus Brennbare Abfälle']
	***************************************************************************
_______________________________________________________________________________
66-Umgebungswärme etc.
_______________________________________________________________________________

	Sectors consumptions starts @ xlsx row nr.: 405
	Sector energy consumption starts @ xlsx row nr.: 465
	* Missing last index 'Gesamt'

	********************************* WARNING *********************************
	Different index in data:
	['aus Brabf']
	[[40, 70, 101, 125, 150, 174]]
	Data index in template:
	['aus Brennbare Abfälle']
	***************************************************************************
_______________________________________________________________________________
67-WK<=1MW
_______________________________________________________________________________

	No sectors consumption values
	No sector energy consumption values

	********************************* WARNING *********************************
	Different index in data:
	['aus Brabf']
	[[40, 70, 101, 125, 150, 174]]
	Data index in template:
	['aus Brennbare Abfälle']
	***************************************************************************
_______________________________________________________________________________
68-WK<=10MW
_______________________________________________________________________________

	No sectors consumption values
	No sector energy consumption values

	********************************* WARNING *********************************
	Different index in data:
	['aus Brabf']
	[[40, 70, 101, 125, 150, 174]]
	Data index in template:
	['aus Brennbare Abfälle']
	***************************************************************************
_______________________________________________________________________________
69-WK>10MW
_______________________________________________________________________________

	No sectors consumption values
	No sector energy consumption values

	********************************* WARNING *********************************
	Different index in data:
	['aus Brabf']
	[[40, 70, 101, 125, 150, 174]]
	Data index in template:
	['aus Brennbare Abfälle']
	***************************************************************************
_______________________________________________________________________________
70-Wasserkraft
_______________________________________________________________________________

	No sectors consumption values
	No sector energy consumption values

	********************************* WARNING *********************************
	Different index in data:
	['aus Brabf']
	[[40, 70, 101, 125, 150, 174]]
	Data index in template:
	['aus Brennbare Abfälle']
	***************************************************************************
_______________________________________________________________________________
71-Wind
_______________________________________________________________________________

	No sectors consumption values
	No sector energy consumption values

	********************************* WARNING *********************************
	Different index in data:
	['aus Brabf']
	[[40, 70, 101, 125, 150, 174]]
	Data index in template:
	['aus Brennbare Abfälle']
	***************************************************************************
_______________________________________________________________________________
72-Photovoltaik
_______________________________________________________________________________

	No sectors consumption values
	No sector energy consumption values

	********************************* WARNING *********************************
	Different index in data:
	['aus Brabf']
	[[40, 70, 101, 125, 150, 174]]
	Data index in template:
	['aus Brennbare Abfälle']
	***************************************************************************
_______________________________________________________________________________
73-Wind und Photovoltaik
_______________________________________________________________________________

	No sectors consumption values
	No sector energy consumption values

	********************************* WARNING *********************************
	Different index in data:
	['aus Brabf']
	[[40, 70, 101, 125, 150, 174]]
	Data index in template:
	['aus Brennbare Abfälle']
	***************************************************************************
_______________________________________________________________________________
74-Fernwärme
_______________________________________________________________________________

	Sectors consumptions starts @ xlsx row nr.: 405
	Sector energy consumption starts @ xlsx row nr.: 465
	* Missing last index 'Gesamt'

	********************************* WARNING *********************************
	Different index in data:
	['aus Brabf']
	[[40, 70, 101, 125, 150, 174]]
	Data index in template:
	['aus Brennbare Abfälle']
	***************************************************************************
_______________________________________________________________________________
75-Elektrische Energie
_______________________________________________________________________________

	Sectors consumptions starts @ xlsx row nr.: 405
	Sector energy consumption starts @ xlsx row nr.: 465
	* Missing last index 'Gesamt'

	********************************* WARNING *********************************
	Different index in data:
	['aus Brabf']
	[[40, 70, 101, 125, 150, 174]]
	Data index in template:
	['aus Brennbare Abfälle']
	***************************************************************************
_______________________________________________________________________________
76-KOHLE
_______________________________________________________________________________

	Sectors consumptions starts @ xlsx row nr.: 198
	Sector energy consumption starts @ xlsx row nr.: 228
	* Missing last index 'Gesamt'

	********************************* WARNING *********************************
	Different index in data:
	['aus Brabf']
	[[40, 70, 101, 125, 150, 174]]
	Data index in template:
	['aus Brennbare Abfälle']
	***************************************************************************
_______________________________________________________________________________
77-ÖL
_______________________________________________________________________________

	Sectors consumptions starts @ xlsx row nr.: 198
	Sector energy consumption starts @ xlsx row nr.: 228
	* Missing last index 'Gesamt'

	********************************* WARNING *********************************
	Different index in data:
	['aus Brabf']
	[[40, 70, 101, 125, 150, 174]]
	Data index in template:
	['aus Brennbare Abfälle']
	***************************************************************************
_______________________________________________________________________________
78-GAS
_______________________________________________________________________________

	Sectors consumptions starts @ xlsx row nr.: 198
	Sector energy consumption starts @ xlsx row nr.: 228
	* Missing last index 'Gesamt'

	********************************* WARNING *********************************
	Different index in data:
	['aus Brabf']
	[[40, 70, 101, 125, 150, 174]]
	Data index in template:
	['aus Brennbare Abfälle']
	***************************************************************************
_______________________________________________________________________________
79-ERNEUERBARE
_______________________________________________________________________________

	Sectors consumptions starts @ xlsx row nr.: 198
	Sector energy consumption starts @ xlsx row nr.: 228
	* Missing last index 'Gesamt'

	********************************* WARNING *********************************
	Different index in data:
	['aus Brabf']
	[[40, 70, 101, 125, 150, 174]]
	Data index in template:
	['aus Brennbare Abfälle']
	***************************************************************************
_______________________________________________________________________________
80-ABFÄLLE
_______________________________________________________________________________

	Sectors consumptions starts @ xlsx row nr.: 198
	Sector energy consumption starts @ xlsx row nr.: 228
	* Missing last index 'Gesamt'

	********************************* WARNING *********************************
	Different index in data:
	['aus Brabf']
	[[40, 70, 101, 125, 150, 174]]
	Data index in template:
	['aus Brennbare Abfälle']
	***************************************************************************
_______________________________________________________________________________
81-Gesamtenergiebilanz
_______________________________________________________________________________

	Sectors consumptions starts @ xlsx row nr.: 198
	Sector energy consumption starts @ xlsx row nr.: 228
	* Missing last index 'Gesamt'

	********************************* WARNING *********************************
	Different index in data:
	['aus Brabf']
	[[40, 70, 101, 125, 150, 174]]
	Data index in template:
	['aus Brennbare Abfälle']
	***************************************************************************
|||||||||||||||||||||||||||||||||||||||||||||||||||||||||||||||||||||||||||||||	
Execution time of copy_eb_data: 0 min 41.0 sec
|||||||||||||||||||||||||||||||||||||||||||||||||||||||||||||||||||||||||||||||

	********************************* WARNING *********************************
\Deviating indices in res data:\n\t['Anrechenbare Erneuerbare (TJ)', 'Anteil Erneuerbarer Energieträger insgesamt', 'Anteil anrechenbare Erneuerbare Landwirtschaft']
_______________________________________________________________________________
82-RES
_______________________________________________________________________________

|||||||||||||||||||||||||||||||||||||||||||||||||||||||||||||||||||||||||||||||	
Execution time of copy_res_data: 0 min 0.0 sec
|||||||||||||||||||||||||||||||||||||||||||||||||||||||||||||||||||||||||||||||
